<?xml version="1.0" encoding="UTF-8"?>
<testsuite xmlns:xsi="http://www.w3.org/2001/XMLSchema-instance" xsi:noNamespaceSchemaLocation="https://maven.apache.org/surefire/maven-surefire-plugin/xsd/surefire-test-report-3.0.xsd" version="3.0" name="ca.mcmaster.se2aa4.mazerunner.MazeTraverserTest" time="0.067" tests="10" errors="0" skipped="0" failures="0">
  <properties>
    <property name="java.specification.version" value="21"/>
    <property name="sun.jnu.encoding" value="UTF-8"/>
    <property name="java.class.path" value="/home/abbass48/Maze-Traverser/target/test-classes:/home/abbass48/Maze-Traverser/target/classes:/home/abbass48/.m2/repository/commons-cli/commons-cli/1.6.0/commons-cli-1.6.0.jar:/home/abbass48/.m2/repository/org/apache/logging/log4j/log4j-api/2.22.1/log4j-api-2.22.1.jar:/home/abbass48/.m2/repository/org/apache/logging/log4j/log4j-core/2.22.1/log4j-core-2.22.1.jar:/home/abbass48/.m2/repository/org/junit/jupiter/junit-jupiter/5.10.0/junit-jupiter-5.10.0.jar:/home/abbass48/.m2/repository/org/junit/jupiter/junit-jupiter-api/5.10.0/junit-jupiter-api-5.10.0.jar:/home/abbass48/.m2/repository/org/opentest4j/opentest4j/1.3.0/opentest4j-1.3.0.jar:/home/abbass48/.m2/repository/org/junit/platform/junit-platform-commons/1.10.0/junit-platform-commons-1.10.0.jar:/home/abbass48/.m2/repository/org/apiguardian/apiguardian-api/1.1.2/apiguardian-api-1.1.2.jar:/home/abbass48/.m2/repository/org/junit/jupiter/junit-jupiter-params/5.10.0/junit-jupiter-params-5.10.0.jar:/home/abbass48/.m2/repository/org/junit/jupiter/junit-jupiter-engine/5.10.0/junit-jupiter-engine-5.10.0.jar:/home/abbass48/.m2/repository/org/junit/platform/junit-platform-engine/1.10.0/junit-platform-engine-1.10.0.jar:"/>
    <property name="java.vm.vendor" value="Ubuntu"/>
    <property name="sun.arch.data.model" value="64"/>
    <property name="java.vendor.url" value="https://ubuntu.com/"/>
    <property name="os.name" value="Linux"/>
    <property name="java.vm.specification.version" value="21"/>
    <property name="sun.java.launcher" value="SUN_STANDARD"/>
    <property name="sun.boot.library.path" value="/usr/lib/jvm/java-21-openjdk-amd64/lib"/>
    <property name="sun.java.command" value="/home/abbass48/Maze-Traverser/target/surefire/surefirebooter-20250404223256617_3.jar /home/abbass48/Maze-Traverser/target/surefire 2025-04-04T22-32-56_468-jvmRun1 surefire-20250404223256617_1tmp surefire_0-20250404223256617_2tmp"/>
    <property name="jdk.debug" value="release"/>
    <property name="surefire.test.class.path" value="/home/abbass48/Maze-Traverser/target/test-classes:/home/abbass48/Maze-Traverser/target/classes:/home/abbass48/.m2/repository/commons-cli/commons-cli/1.6.0/commons-cli-1.6.0.jar:/home/abbass48/.m2/repository/org/apache/logging/log4j/log4j-api/2.22.1/log4j-api-2.22.1.jar:/home/abbass48/.m2/repository/org/apache/logging/log4j/log4j-core/2.22.1/log4j-core-2.22.1.jar:/home/abbass48/.m2/repository/org/junit/jupiter/junit-jupiter/5.10.0/junit-jupiter-5.10.0.jar:/home/abbass48/.m2/repository/org/junit/jupiter/junit-jupiter-api/5.10.0/junit-jupiter-api-5.10.0.jar:/home/abbass48/.m2/repository/org/opentest4j/opentest4j/1.3.0/opentest4j-1.3.0.jar:/home/abbass48/.m2/repository/org/junit/platform/junit-platform-commons/1.10.0/junit-platform-commons-1.10.0.jar:/home/abbass48/.m2/repository/org/apiguardian/apiguardian-api/1.1.2/apiguardian-api-1.1.2.jar:/home/abbass48/.m2/repository/org/junit/jupiter/junit-jupiter-params/5.10.0/junit-jupiter-params-5.10.0.jar:/home/abbass48/.m2/repository/org/junit/jupiter/junit-jupiter-engine/5.10.0/junit-jupiter-engine-5.10.0.jar:/home/abbass48/.m2/repository/org/junit/platform/junit-platform-engine/1.10.0/junit-platform-engine-1.10.0.jar:"/>
    <property name="sun.cpu.endian" value="little"/>
    <property name="user.home" value="/home/abbass48"/>
    <property name="user.language" value="en"/>
    <property name="java.specification.vendor" value="Oracle Corporation"/>
    <property name="java.version.date" value="2025-01-21"/>
    <property name="java.home" value="/usr/lib/jvm/java-21-openjdk-amd64"/>
    <property name="file.separator" value="/"/>
    <property name="basedir" value="/home/abbass48/Maze-Traverser"/>
    <property name="java.vm.compressedOopsMode" value="32-bit"/>
    <property name="line.separator" value="&#10;"/>
    <property name="java.vm.specification.vendor" value="Oracle Corporation"/>
    <property name="java.specification.name" value="Java Platform API Specification"/>
    <property name="surefire.real.class.path" value="/home/abbass48/Maze-Traverser/target/surefire/surefirebooter-20250404223256617_3.jar"/>
    <property name="sun.management.compiler" value="HotSpot 64-Bit Tiered Compilers"/>
    <property name="java.runtime.version" value="21.0.6+7-Ubuntu-122.04.1"/>
    <property name="user.name" value="abbass48"/>
    <property name="stdout.encoding" value="UTF-8"/>
    <property name="path.separator" value=":"/>
    <property name="os.version" value="5.15.167.4-microsoft-standard-WSL2"/>
    <property name="java.runtime.name" value="OpenJDK Runtime Environment"/>
    <property name="file.encoding" value="UTF-8"/>
    <property name="java.vm.name" value="OpenJDK 64-Bit Server VM"/>
    <property name="localRepository" value="/home/abbass48/.m2/repository"/>
    <property name="java.vendor.url.bug" value="https://bugs.launchpad.net/ubuntu/+source/openjdk-21"/>
    <property name="java.io.tmpdir" value="/tmp"/>
    <property name="java.version" value="21.0.6"/>
    <property name="user.dir" value="/home/abbass48/Maze-Traverser"/>
    <property name="os.arch" value="amd64"/>
    <property name="java.vm.specification.name" value="Java Virtual Machine Specification"/>
    <property name="native.encoding" value="UTF-8"/>
    <property name="java.library.path" value="/usr/java/packages/lib:/usr/lib/x86_64-linux-gnu/jni:/lib/x86_64-linux-gnu:/usr/lib/x86_64-linux-gnu:/usr/lib/jni:/lib:/usr/lib"/>
    <property name="stderr.encoding" value="UTF-8"/>
    <property name="java.vm.info" value="mixed mode, sharing"/>
    <property name="java.vendor" value="Ubuntu"/>
    <property name="java.vm.version" value="21.0.6+7-Ubuntu-122.04.1"/>
    <property name="sun.io.unicode.encoding" value="UnicodeLittle"/>
    <property name="java.class.version" value="65.0"/>
  </properties>
  <testcase name="testCanonicalPathGeneration_RHS" classname="ca.mcmaster.se2aa4.mazerunner.MazeTraverserTest" time="0.025">
    <system-out><![CDATA[Running: Test Canonical Path Generation (RHS)
Passed: Test Canonical Path Generation (RHS)
]]></system-out>
  </testcase>
  <testcase name="testValidateIncorrectUserPath" classname="ca.mcmaster.se2aa4.mazerunner.MazeTraverserTest" time="0.001">
    <system-out><![CDATA[Running: Test Validate Incorrect User Path
Invalid Path!
Passed: Test Validate Incorrect User Path
]]></system-out>
  </testcase>
  <testcase name="testCanonicalGenerationPath_BFS" classname="ca.mcmaster.se2aa4.mazerunner.MazeTraverserTest" time="0.008">
    <system-out><![CDATA[Running: Test Canonical Path Generation (BFS)
Passed: Test Canonical Path Generation (BFS)
]]></system-out>
  </testcase>
  <testcase name="testUndoMoveForward" classname="ca.mcmaster.se2aa4.mazerunner.MazeTraverserTest" time="0.002">
    <system-out><![CDATA[Running: Test Undo Move Forward
Passed: Test Undo Move Forward
]]></system-out>
  </testcase>
  <testcase name="testFactorizedPath" classname="ca.mcmaster.se2aa4.mazerunner.MazeTraverserTest" time="0.003">
    <system-out><![CDATA[Running: Test Factorized Path
Passed: Test Factorized Path
]]></system-out>
  </testcase>
  <testcase name="testHistoryStackPushPop" classname="ca.mcmaster.se2aa4.mazerunner.MazeTraverserTest" time="0.001">
    <system-out><![CDATA[Running: Test History Command Stack Push Pop
Passed: Test History Command Stack Push Pop
]]></system-out>
  </testcase>
  <testcase name="testValidateCorrectUserPath" classname="ca.mcmaster.se2aa4.mazerunner.MazeTraverserTest" time="0.001">
    <system-out><![CDATA[Running: Test Validate Correct User Path
Your path works!
Passed: Test Validate Correct User Path
]]></system-out>
  </testcase>
  <testcase name="testInvalidOutOfBoundsMove" classname="ca.mcmaster.se2aa4.mazerunner.MazeTraverserTest" time="0.001">
    <system-out><![CDATA[Running: Test Invalid Out Of Bounds Move
Passed: Test Invalid Out Of Bounds Move
]]></system-out>
  </testcase>
  <testcase name="testStartIsFinish" classname="ca.mcmaster.se2aa4.mazerunner.MazeTraverserTest" time="0.001">
    <system-out><![CDATA[Running: Test Start To Finish
Passed: Test Start To Finish
]]></system-out>
  </testcase>
  <testcase name="testTurnLeftAndUndo" classname="ca.mcmaster.se2aa4.mazerunner.MazeTraverserTest" time="0.0">
    <system-out><![CDATA[Running: Test Turn Left And Undo
Passed: Test Turn Left And Undo
]]></system-out>
  </testcase>
</testsuite>